2023-05-22 10:15:02.519  INFO 14356 --- [restartedMain] c.p.BackendPatikaApplication             : Starting BackendPatikaApplication using Java 17.0.6 on ThinkPad with PID 14356 (D:\Java\Intellij tests\New folder\backend_patika\target\classes started by amalj in D:\Java\Intellij tests\New folder\backend_patika)
2023-05-22 10:15:02.521  INFO 14356 --- [restartedMain] c.p.BackendPatikaApplication             : No active profile set, falling back to 1 default profile: "default"
2023-05-22 10:15:02.570  INFO 14356 --- [restartedMain] .e.DevToolsPropertyDefaultsPostProcessor : Devtools property defaults active! Set 'spring.devtools.add-properties' to 'false' to disable
2023-05-22 10:15:02.570  INFO 14356 --- [restartedMain] .e.DevToolsPropertyDefaultsPostProcessor : For additional web related logging consider setting the 'logging.level.web' property to 'DEBUG'
2023-05-22 10:15:02.992  INFO 14356 --- [restartedMain] .s.d.r.c.RepositoryConfigurationDelegate : Bootstrapping Spring Data JPA repositories in DEFAULT mode.
2023-05-22 10:15:03.006  INFO 14356 --- [restartedMain] .s.d.r.c.RepositoryConfigurationDelegate : Finished Spring Data repository scanning in 4 ms. Found 0 JPA repository interfaces.
2023-05-22 10:15:03.400  INFO 14356 --- [restartedMain] o.s.b.w.embedded.tomcat.TomcatWebServer  : Tomcat initialized with port(s): 8080 (http)
2023-05-22 10:15:03.406  INFO 14356 --- [restartedMain] o.apache.catalina.core.StandardService   : Starting service [Tomcat]
2023-05-22 10:15:03.406  INFO 14356 --- [restartedMain] org.apache.catalina.core.StandardEngine  : Starting Servlet engine: [Apache Tomcat/9.0.75]
2023-05-22 10:15:03.457  INFO 14356 --- [restartedMain] o.a.c.c.C.[Tomcat].[localhost].[/]       : Initializing Spring embedded WebApplicationContext
2023-05-22 10:15:03.457  INFO 14356 --- [restartedMain] w.s.c.ServletWebServerApplicationContext : Root WebApplicationContext: initialization completed in 886 ms
2023-05-22 10:15:03.588  INFO 14356 --- [restartedMain] o.hibernate.jpa.internal.util.LogHelper  : HHH000204: Processing PersistenceUnitInfo [name: default]
2023-05-22 10:15:03.656  INFO 14356 --- [restartedMain] org.hibernate.Version                    : HHH000412: Hibernate ORM core version 5.6.15.Final
2023-05-22 10:15:03.794  INFO 14356 --- [restartedMain] o.hibernate.annotations.common.Version   : HCANN000001: Hibernate Commons Annotations {5.1.2.Final}
2023-05-22 10:15:03.866  INFO 14356 --- [restartedMain] com.zaxxer.hikari.HikariDataSource       : HikariPool-1 - Starting...
2023-05-22 10:15:03.970  INFO 14356 --- [restartedMain] com.zaxxer.hikari.HikariDataSource       : HikariPool-1 - Start completed.
2023-05-22 10:15:03.983  INFO 14356 --- [restartedMain] org.hibernate.dialect.Dialect            : HHH000400: Using dialect: org.hibernate.dialect.MySQL5Dialect
2023-05-22 10:15:04.230  INFO 14356 --- [restartedMain] o.h.e.t.j.p.i.JtaPlatformInitiator       : HHH000490: Using JtaPlatform implementation: [org.hibernate.engine.transaction.jta.platform.internal.NoJtaPlatform]
2023-05-22 10:15:04.238  INFO 14356 --- [restartedMain] j.LocalContainerEntityManagerFactoryBean : Initialized JPA EntityManagerFactory for persistence unit 'default'
2023-05-22 10:15:04.268  WARN 14356 --- [restartedMain] JpaBaseConfiguration$JpaWebConfiguration : spring.jpa.open-in-view is enabled by default. Therefore, database queries may be performed during view rendering. Explicitly configure spring.jpa.open-in-view to disable this warning
2023-05-22 10:15:04.492  INFO 14356 --- [restartedMain] o.s.b.d.a.OptionalLiveReloadServer       : LiveReload server is running on port 35729
2023-05-22 10:15:04.526  INFO 14356 --- [restartedMain] o.s.b.w.embedded.tomcat.TomcatWebServer  : Tomcat started on port(s): 8080 (http) with context path ''
2023-05-22 10:15:04.534  INFO 14356 --- [restartedMain] c.p.BackendPatikaApplication             : Started BackendPatikaApplication in 2.351 seconds (JVM running for 2.995)
2023-05-22 10:39:46.131  INFO 14356 --- [SpringApplicationShutdownHook] j.LocalContainerEntityManagerFactoryBean : Closing JPA EntityManagerFactory for persistence unit 'default'
2023-05-22 10:39:46.134  INFO 14356 --- [SpringApplicationShutdownHook] com.zaxxer.hikari.HikariDataSource       : HikariPool-1 - Shutdown initiated...
2023-05-22 10:39:46.140  INFO 14356 --- [SpringApplicationShutdownHook] com.zaxxer.hikari.HikariDataSource       : HikariPool-1 - Shutdown completed.
2023-05-22 10:39:51.719  INFO 18404 --- [restartedMain] c.p.BackendPatikaApplication             : Starting BackendPatikaApplication using Java 17.0.6 on ThinkPad with PID 18404 (D:\Java\Intellij tests\New folder\backend_patika\target\classes started by amalj in D:\Java\Intellij tests\New folder\backend_patika)
2023-05-22 10:39:51.721  INFO 18404 --- [restartedMain] c.p.BackendPatikaApplication             : No active profile set, falling back to 1 default profile: "default"
2023-05-22 10:39:51.770  INFO 18404 --- [restartedMain] .e.DevToolsPropertyDefaultsPostProcessor : Devtools property defaults active! Set 'spring.devtools.add-properties' to 'false' to disable
2023-05-22 10:39:51.770  INFO 18404 --- [restartedMain] .e.DevToolsPropertyDefaultsPostProcessor : For additional web related logging consider setting the 'logging.level.web' property to 'DEBUG'
2023-05-22 10:39:52.659  INFO 18404 --- [restartedMain] .s.d.r.c.RepositoryConfigurationDelegate : Multiple Spring Data modules found, entering strict repository configuration mode
2023-05-22 10:39:52.659  INFO 18404 --- [restartedMain] .s.d.r.c.RepositoryConfigurationDelegate : Bootstrapping Spring Data JDBC repositories in DEFAULT mode.
2023-05-22 10:39:52.665  INFO 18404 --- [restartedMain] .s.d.r.c.RepositoryConfigurationDelegate : Finished Spring Data repository scanning in 3 ms. Found 0 JDBC repository interfaces.
2023-05-22 10:39:52.673  INFO 18404 --- [restartedMain] .s.d.r.c.RepositoryConfigurationDelegate : Multiple Spring Data modules found, entering strict repository configuration mode
2023-05-22 10:39:52.673  INFO 18404 --- [restartedMain] .s.d.r.c.RepositoryConfigurationDelegate : Bootstrapping Spring Data JPA repositories in DEFAULT mode.
2023-05-22 10:39:52.678  INFO 18404 --- [restartedMain] .s.d.r.c.RepositoryConfigurationDelegate : Finished Spring Data repository scanning in 0 ms. Found 0 JPA repository interfaces.
2023-05-22 10:39:53.162  INFO 18404 --- [restartedMain] o.s.b.w.embedded.tomcat.TomcatWebServer  : Tomcat initialized with port(s): 8080 (http)
2023-05-22 10:39:53.170  INFO 18404 --- [restartedMain] o.apache.catalina.core.StandardService   : Starting service [Tomcat]
2023-05-22 10:39:53.170  INFO 18404 --- [restartedMain] org.apache.catalina.core.StandardEngine  : Starting Servlet engine: [Apache Tomcat/9.0.75]
2023-05-22 10:39:53.227  INFO 18404 --- [restartedMain] o.a.c.c.C.[Tomcat].[localhost].[/]       : Initializing Spring embedded WebApplicationContext
2023-05-22 10:39:53.227  INFO 18404 --- [restartedMain] w.s.c.ServletWebServerApplicationContext : Root WebApplicationContext: initialization completed in 1456 ms
2023-05-22 10:39:53.325  INFO 18404 --- [restartedMain] com.zaxxer.hikari.HikariDataSource       : HikariPool-1 - Starting...
2023-05-22 10:39:53.448  INFO 18404 --- [restartedMain] com.zaxxer.hikari.HikariDataSource       : HikariPool-1 - Start completed.
2023-05-22 10:39:53.464  INFO 18404 --- [restartedMain] o.s.b.a.h2.H2ConsoleAutoConfiguration    : H2 console available at '/h2-console'. Database available at 'jdbc:mysql://localhost:3306/spring_boot?allowPublicKeyRetrieval=true&autoReconnect=true&useSSL=false'
2023-05-22 10:39:53.574  INFO 18404 --- [restartedMain] o.hibernate.jpa.internal.util.LogHelper  : HHH000204: Processing PersistenceUnitInfo [name: default]
2023-05-22 10:39:53.606  INFO 18404 --- [restartedMain] org.hibernate.Version                    : HHH000412: Hibernate ORM core version 5.6.15.Final
2023-05-22 10:39:53.710  INFO 18404 --- [restartedMain] o.hibernate.annotations.common.Version   : HCANN000001: Hibernate Commons Annotations {5.1.2.Final}
2023-05-22 10:39:53.774  INFO 18404 --- [restartedMain] org.hibernate.dialect.Dialect            : HHH000400: Using dialect: org.hibernate.dialect.MySQL5Dialect
2023-05-22 10:39:53.942  INFO 18404 --- [restartedMain] o.h.e.t.j.p.i.JtaPlatformInitiator       : HHH000490: Using JtaPlatform implementation: [org.hibernate.engine.transaction.jta.platform.internal.NoJtaPlatform]
2023-05-22 10:39:53.950  INFO 18404 --- [restartedMain] j.LocalContainerEntityManagerFactoryBean : Initialized JPA EntityManagerFactory for persistence unit 'default'
2023-05-22 10:39:54.036  WARN 18404 --- [restartedMain] JpaBaseConfiguration$JpaWebConfiguration : spring.jpa.open-in-view is enabled by default. Therefore, database queries may be performed during view rendering. Explicitly configure spring.jpa.open-in-view to disable this warning
2023-05-22 10:39:54.558  WARN 18404 --- [restartedMain] ion$DefaultTemplateResolverConfiguration : Cannot find template location: classpath:/templates/ (please add some templates, check your Thymeleaf configuration, or set spring.thymeleaf.check-template-location=false)
2023-05-22 10:39:54.824  WARN 18404 --- [restartedMain] .s.s.UserDetailsServiceAutoConfiguration : 

Using generated security password: 233b3ab2-435b-44d7-874b-3b6a71e9b072

This generated password is for development use only. Your security configuration must be updated before running your application in production.

2023-05-22 10:39:54.893  INFO 18404 --- [restartedMain] o.s.b.a.e.web.EndpointLinksResolver      : Exposing 1 endpoint(s) beneath base path '/actuator'
2023-05-22 10:39:54.901  INFO 18404 --- [restartedMain] o.s.s.web.DefaultSecurityFilterChain     : Will secure any request with [org.springframework.security.web.session.DisableEncodeUrlFilter@1ab574d6, org.springframework.security.web.context.request.async.WebAsyncManagerIntegrationFilter@2f6224ec, org.springframework.security.web.context.SecurityContextPersistenceFilter@4d50e0ec, org.springframework.security.web.header.HeaderWriterFilter@383242e, org.springframework.web.filter.CorsFilter@2c6d6030, org.springframework.security.web.csrf.CsrfFilter@367e060d, org.springframework.security.web.authentication.logout.LogoutFilter@a32b6f5, org.springframework.security.web.authentication.UsernamePasswordAuthenticationFilter@c91e8ae, org.springframework.security.web.authentication.ui.DefaultLoginPageGeneratingFilter@45be2e5a, org.springframework.security.web.authentication.ui.DefaultLogoutPageGeneratingFilter@48362d38, org.springframework.security.web.authentication.www.BasicAuthenticationFilter@53acc9cd, org.springframework.security.web.savedrequest.RequestCacheAwareFilter@63199386, org.springframework.security.web.servletapi.SecurityContextHolderAwareRequestFilter@2e094009, org.springframework.security.web.authentication.AnonymousAuthenticationFilter@7914e32c, org.springframework.security.web.session.SessionManagementFilter@7d8863a6, org.springframework.security.web.access.ExceptionTranslationFilter@c6838b0, org.springframework.security.web.access.intercept.FilterSecurityInterceptor@4473b045]
2023-05-22 10:39:54.994  INFO 18404 --- [restartedMain] o.s.b.d.a.OptionalLiveReloadServer       : LiveReload server is running on port 35729
2023-05-22 10:39:55.029  INFO 18404 --- [restartedMain] o.s.b.w.embedded.tomcat.TomcatWebServer  : Tomcat started on port(s): 8080 (http) with context path ''
2023-05-22 10:39:55.046  INFO 18404 --- [restartedMain] c.p.BackendPatikaApplication             : Started BackendPatikaApplication in 3.682 seconds (JVM running for 4.497)
2023-05-22 10:39:55.316  INFO 18404 --- [RMI TCP Connection(3)-192.168.56.1] o.a.c.c.C.[Tomcat].[localhost].[/]       : Initializing Spring DispatcherServlet 'dispatcherServlet'
2023-05-22 10:39:55.317  INFO 18404 --- [RMI TCP Connection(3)-192.168.56.1] o.s.web.servlet.DispatcherServlet        : Initializing Servlet 'dispatcherServlet'
2023-05-22 10:39:55.318  INFO 18404 --- [RMI TCP Connection(3)-192.168.56.1] o.s.web.servlet.DispatcherServlet        : Completed initialization in 1 ms
2023-05-22 10:41:28.484  INFO 18404 --- [SpringApplicationShutdownHook] j.LocalContainerEntityManagerFactoryBean : Closing JPA EntityManagerFactory for persistence unit 'default'
2023-05-22 10:41:28.487  INFO 18404 --- [SpringApplicationShutdownHook] com.zaxxer.hikari.HikariDataSource       : HikariPool-1 - Shutdown initiated...
2023-05-22 10:41:28.493  INFO 18404 --- [SpringApplicationShutdownHook] com.zaxxer.hikari.HikariDataSource       : HikariPool-1 - Shutdown completed.
